{"D:\\trimester 1 2025\\SIT737 - Cloud Native Application Development\\InterviewGenie\\User.js": {"path":"D:\\trimester 1 2025\\SIT737 - Cloud Native Application Development\\InterviewGenie\\User.js","statementMap":{"0":{"start":{"line":1,"column":17},"end":{"line":1,"column":36}},"1":{"start":{"line":3,"column":22},"end":{"line":6,"column":2}},"2":{"start":{"line":8,"column":19},"end":{"line":14,"column":2}},"3":{"start":{"line":16,"column":0},"end":{"line":16,"column":52}}},"fnMap":{},"branchMap":{},"s":{"0":1,"1":1,"2":1,"3":1},"f":{},"b":{},"_coverageSchema":"1a1c01bbd47fc00a2c39e90264f33305004495a9","hash":"b38dfb7144aeb4451eed9b470e768d1661b73898"}
,"D:\\trimester 1 2025\\SIT737 - Cloud Native Application Development\\InterviewGenie\\server.js": {"path":"D:\\trimester 1 2025\\SIT737 - Cloud Native Application Development\\InterviewGenie\\server.js","statementMap":{"0":{"start":{"line":2,"column":16},"end":{"line":2,"column":34}},"1":{"start":{"line":3,"column":13},"end":{"line":3,"column":28}},"2":{"start":{"line":4,"column":13},"end":{"line":4,"column":28}},"3":{"start":{"line":5,"column":15},"end":{"line":5,"column":32}},"4":{"start":{"line":6,"column":14},"end":{"line":6,"column":30}},"5":{"start":{"line":7,"column":17},"end":{"line":7,"column":36}},"6":{"start":{"line":8,"column":16},"end":{"line":8,"column":42}},"7":{"start":{"line":9,"column":15},"end":{"line":9,"column":32}},"8":{"start":{"line":10,"column":13},"end":{"line":10,"column":30}},"9":{"start":{"line":11,"column":0},"end":{"line":11,"column":27}},"10":{"start":{"line":13,"column":0},"end":{"line":13,"column":19}},"11":{"start":{"line":14,"column":0},"end":{"line":14,"column":16}},"12":{"start":{"line":16,"column":12},"end":{"line":16,"column":21}},"13":{"start":{"line":17,"column":0},"end":{"line":17,"column":51}},"14":{"start":{"line":18,"column":0},"end":{"line":18,"column":24}},"15":{"start":{"line":19,"column":0},"end":{"line":19,"column":48}},"16":{"start":{"line":20,"column":0},"end":{"line":20,"column":46}},"17":{"start":{"line":23,"column":0},"end":{"line":25,"column":3}},"18":{"start":{"line":24,"column":2},"end":{"line":24,"column":53}},"19":{"start":{"line":28,"column":0},"end":{"line":33,"column":3}},"20":{"start":{"line":29,"column":2},"end":{"line":31,"column":3}},"21":{"start":{"line":30,"column":4},"end":{"line":30,"column":47}},"22":{"start":{"line":32,"column":2},"end":{"line":32,"column":9}},"23":{"start":{"line":36,"column":0},"end":{"line":46,"column":4}},"24":{"start":{"line":49,"column":0},"end":{"line":56,"column":1}},"25":{"start":{"line":50,"column":2},"end":{"line":55,"column":67}},"26":{"start":{"line":54,"column":14},"end":{"line":54,"column":48}},"27":{"start":{"line":55,"column":16},"end":{"line":55,"column":65}},"28":{"start":{"line":60,"column":2},"end":{"line":60,"column":38}},"29":{"start":{"line":60,"column":24},"end":{"line":60,"column":38}},"30":{"start":{"line":61,"column":2},"end":{"line":61,"column":66}},"31":{"start":{"line":65,"column":0},"end":{"line":78,"column":3}},"32":{"start":{"line":66,"column":36},"end":{"line":66,"column":44}},"33":{"start":{"line":67,"column":2},"end":{"line":77,"column":3}},"34":{"start":{"line":68,"column":21},"end":{"line":68,"column":50}},"35":{"start":{"line":69,"column":4},"end":{"line":69,"column":80}},"36":{"start":{"line":69,"column":18},"end":{"line":69,"column":80}},"37":{"start":{"line":71,"column":27},"end":{"line":71,"column":58}},"38":{"start":{"line":72,"column":17},"end":{"line":72,"column":68}},"39":{"start":{"line":73,"column":4},"end":{"line":73,"column":22}},"40":{"start":{"line":74,"column":4},"end":{"line":74,"column":70}},"41":{"start":{"line":76,"column":4},"end":{"line":76,"column":74}},"42":{"start":{"line":81,"column":0},"end":{"line":94,"column":3}},"43":{"start":{"line":82,"column":30},"end":{"line":82,"column":38}},"44":{"start":{"line":83,"column":2},"end":{"line":93,"column":3}},"45":{"start":{"line":84,"column":17},"end":{"line":84,"column":46}},"46":{"start":{"line":85,"column":4},"end":{"line":87,"column":5}},"47":{"start":{"line":86,"column":6},"end":{"line":86,"column":68}},"48":{"start":{"line":89,"column":4},"end":{"line":89,"column":76}},"49":{"start":{"line":90,"column":4},"end":{"line":90,"column":46}},"50":{"start":{"line":92,"column":4},"end":{"line":92,"column":73}},"51":{"start":{"line":97,"column":0},"end":{"line":103,"column":3}},"52":{"start":{"line":98,"column":2},"end":{"line":102,"column":5}},"53":{"start":{"line":99,"column":4},"end":{"line":99,"column":69}},"54":{"start":{"line":99,"column":13},"end":{"line":99,"column":69}},"55":{"start":{"line":100,"column":4},"end":{"line":100,"column":35}},"56":{"start":{"line":101,"column":4},"end":{"line":101,"column":53}},"57":{"start":{"line":106,"column":0},"end":{"line":112,"column":3}},"58":{"start":{"line":107,"column":2},"end":{"line":111,"column":3}},"59":{"start":{"line":108,"column":4},"end":{"line":108,"column":57}},"60":{"start":{"line":110,"column":4},"end":{"line":110,"column":46}},"61":{"start":{"line":115,"column":0},"end":{"line":129,"column":3}},"62":{"start":{"line":116,"column":2},"end":{"line":116,"column":80}},"63":{"start":{"line":116,"column":25},"end":{"line":116,"column":80}},"64":{"start":{"line":118,"column":29},"end":{"line":118,"column":37}},"65":{"start":{"line":119,"column":2},"end":{"line":128,"column":3}},"66":{"start":{"line":120,"column":20},"end":{"line":120,"column":28}},"67":{"start":{"line":121,"column":4},"end":{"line":121,"column":69}},"68":{"start":{"line":121,"column":18},"end":{"line":121,"column":69}},"69":{"start":{"line":123,"column":4},"end":{"line":123,"column":63}},"70":{"start":{"line":124,"column":4},"end":{"line":124,"column":33}},"71":{"start":{"line":125,"column":4},"end":{"line":125,"column":58}},"72":{"start":{"line":127,"column":4},"end":{"line":127,"column":74}},"73":{"start":{"line":132,"column":0},"end":{"line":145,"column":3}},"74":{"start":{"line":133,"column":29},"end":{"line":133,"column":37}},"75":{"start":{"line":134,"column":17},"end":{"line":134,"column":37}},"76":{"start":{"line":135,"column":2},"end":{"line":135,"column":70}},"77":{"start":{"line":135,"column":15},"end":{"line":135,"column":70}},"78":{"start":{"line":137,"column":2},"end":{"line":144,"column":3}},"79":{"start":{"line":138,"column":4},"end":{"line":140,"column":7}},"80":{"start":{"line":141,"column":4},"end":{"line":141,"column":52}},"81":{"start":{"line":143,"column":4},"end":{"line":143,"column":58}},"82":{"start":{"line":148,"column":0},"end":{"line":158,"column":3}},"83":{"start":{"line":149,"column":17},"end":{"line":149,"column":37}},"84":{"start":{"line":150,"column":2},"end":{"line":150,"column":70}},"85":{"start":{"line":150,"column":15},"end":{"line":150,"column":70}},"86":{"start":{"line":152,"column":2},"end":{"line":157,"column":3}},"87":{"start":{"line":153,"column":17},"end":{"line":153,"column":44}},"88":{"start":{"line":154,"column":4},"end":{"line":154,"column":33}},"89":{"start":{"line":156,"column":4},"end":{"line":156,"column":68}},"90":{"start":{"line":161,"column":0},"end":{"line":173,"column":3}},"91":{"start":{"line":162,"column":20},"end":{"line":162,"column":28}},"92":{"start":{"line":163,"column":17},"end":{"line":163,"column":37}},"93":{"start":{"line":165,"column":2},"end":{"line":172,"column":3}},"94":{"start":{"line":166,"column":4},"end":{"line":168,"column":7}},"95":{"start":{"line":169,"column":4},"end":{"line":169,"column":50}},"96":{"start":{"line":171,"column":4},"end":{"line":171,"column":60}},"97":{"start":{"line":176,"column":0},"end":{"line":206,"column":3}},"98":{"start":{"line":177,"column":20},"end":{"line":177,"column":28}},"99":{"start":{"line":178,"column":2},"end":{"line":178,"column":74}},"100":{"start":{"line":178,"column":14},"end":{"line":178,"column":74}},"101":{"start":{"line":180,"column":2},"end":{"line":205,"column":3}},"102":{"start":{"line":181,"column":21},"end":{"line":197,"column":5}},"103":{"start":{"line":199,"column":18},"end":{"line":199,"column":80}},"104":{"start":{"line":200,"column":4},"end":{"line":200,"column":33}},"105":{"start":{"line":203,"column":4},"end":{"line":203,"column":57}},"106":{"start":{"line":204,"column":4},"end":{"line":204,"column":61}},"107":{"start":{"line":209,"column":0},"end":{"line":211,"column":3}},"108":{"start":{"line":210,"column":2},"end":{"line":210,"column":41}},"109":{"start":{"line":214,"column":0},"end":{"line":214,"column":21}},"110":{"start":{"line":217,"column":0},"end":{"line":222,"column":1}},"111":{"start":{"line":218,"column":15},"end":{"line":218,"column":39}},"112":{"start":{"line":219,"column":2},"end":{"line":221,"column":5}},"113":{"start":{"line":220,"column":4},"end":{"line":220,"column":62}}},"fnMap":{"0":{"name":"(anonymous_0)","decl":{"start":{"line":23,"column":13},"end":{"line":23,"column":14}},"loc":{"start":{"line":23,"column":27},"end":{"line":25,"column":1}},"line":23},"1":{"name":"(anonymous_1)","decl":{"start":{"line":28,"column":8},"end":{"line":28,"column":9}},"loc":{"start":{"line":28,"column":28},"end":{"line":33,"column":1}},"line":28},"2":{"name":"(anonymous_2)","decl":{"start":{"line":54,"column":8},"end":{"line":54,"column":9}},"loc":{"start":{"line":54,"column":14},"end":{"line":54,"column":48}},"line":54},"3":{"name":"(anonymous_3)","decl":{"start":{"line":55,"column":9},"end":{"line":55,"column":10}},"loc":{"start":{"line":55,"column":16},"end":{"line":55,"column":65}},"line":55},"4":{"name":"isAuthenticated","decl":{"start":{"line":59,"column":9},"end":{"line":59,"column":24}},"loc":{"start":{"line":59,"column":41},"end":{"line":62,"column":1}},"line":59},"5":{"name":"(anonymous_5)","decl":{"start":{"line":65,"column":20},"end":{"line":65,"column":21}},"loc":{"start":{"line":65,"column":40},"end":{"line":78,"column":1}},"line":65},"6":{"name":"(anonymous_6)","decl":{"start":{"line":81,"column":19},"end":{"line":81,"column":20}},"loc":{"start":{"line":81,"column":39},"end":{"line":94,"column":1}},"line":81},"7":{"name":"(anonymous_7)","decl":{"start":{"line":97,"column":20},"end":{"line":97,"column":21}},"loc":{"start":{"line":97,"column":34},"end":{"line":103,"column":1}},"line":97},"8":{"name":"(anonymous_8)","decl":{"start":{"line":98,"column":22},"end":{"line":98,"column":23}},"loc":{"start":{"line":98,"column":29},"end":{"line":102,"column":3}},"line":98},"9":{"name":"(anonymous_9)","decl":{"start":{"line":106,"column":26},"end":{"line":106,"column":27}},"loc":{"start":{"line":106,"column":40},"end":{"line":112,"column":1}},"line":106},"10":{"name":"(anonymous_10)","decl":{"start":{"line":115,"column":28},"end":{"line":115,"column":29}},"loc":{"start":{"line":115,"column":48},"end":{"line":129,"column":1}},"line":115},"11":{"name":"(anonymous_11)","decl":{"start":{"line":132,"column":21},"end":{"line":132,"column":22}},"loc":{"start":{"line":132,"column":41},"end":{"line":145,"column":1}},"line":132},"12":{"name":"(anonymous_12)","decl":{"start":{"line":148,"column":21},"end":{"line":148,"column":22}},"loc":{"start":{"line":148,"column":41},"end":{"line":158,"column":1}},"line":148},"13":{"name":"(anonymous_13)","decl":{"start":{"line":161,"column":23},"end":{"line":161,"column":24}},"loc":{"start":{"line":161,"column":43},"end":{"line":173,"column":1}},"line":161},"14":{"name":"(anonymous_14)","decl":{"start":{"line":176,"column":39},"end":{"line":176,"column":40}},"loc":{"start":{"line":176,"column":59},"end":{"line":206,"column":1}},"line":176},"15":{"name":"(anonymous_15)","decl":{"start":{"line":209,"column":19},"end":{"line":209,"column":20}},"loc":{"start":{"line":209,"column":33},"end":{"line":211,"column":1}},"line":209},"16":{"name":"(anonymous_16)","decl":{"start":{"line":219,"column":30},"end":{"line":219,"column":31}},"loc":{"start":{"line":219,"column":36},"end":{"line":221,"column":3}},"line":219}},"branchMap":{"0":{"loc":{"start":{"line":29,"column":2},"end":{"line":31,"column":3}},"type":"if","locations":[{"start":{"line":29,"column":2},"end":{"line":31,"column":3}},{"start":{},"end":{}}],"line":29},"1":{"loc":{"start":{"line":49,"column":0},"end":{"line":56,"column":1}},"type":"if","locations":[{"start":{"line":49,"column":0},"end":{"line":56,"column":1}},{"start":{},"end":{}}],"line":49},"2":{"loc":{"start":{"line":60,"column":2},"end":{"line":60,"column":38}},"type":"if","locations":[{"start":{"line":60,"column":2},"end":{"line":60,"column":38}},{"start":{},"end":{}}],"line":60},"3":{"loc":{"start":{"line":69,"column":4},"end":{"line":69,"column":80}},"type":"if","locations":[{"start":{"line":69,"column":4},"end":{"line":69,"column":80}},{"start":{},"end":{}}],"line":69},"4":{"loc":{"start":{"line":85,"column":4},"end":{"line":87,"column":5}},"type":"if","locations":[{"start":{"line":85,"column":4},"end":{"line":87,"column":5}},{"start":{},"end":{}}],"line":85},"5":{"loc":{"start":{"line":85,"column":8},"end":{"line":85,"column":65}},"type":"binary-expr","locations":[{"start":{"line":85,"column":8},"end":{"line":85,"column":13}},{"start":{"line":85,"column":17},"end":{"line":85,"column":65}}],"line":85},"6":{"loc":{"start":{"line":99,"column":4},"end":{"line":99,"column":69}},"type":"if","locations":[{"start":{"line":99,"column":4},"end":{"line":99,"column":69}},{"start":{},"end":{}}],"line":99},"7":{"loc":{"start":{"line":107,"column":2},"end":{"line":111,"column":3}},"type":"if","locations":[{"start":{"line":107,"column":2},"end":{"line":111,"column":3}},{"start":{"line":109,"column":9},"end":{"line":111,"column":3}}],"line":107},"8":{"loc":{"start":{"line":116,"column":2},"end":{"line":116,"column":80}},"type":"if","locations":[{"start":{"line":116,"column":2},"end":{"line":116,"column":80}},{"start":{},"end":{}}],"line":116},"9":{"loc":{"start":{"line":121,"column":4},"end":{"line":121,"column":69}},"type":"if","locations":[{"start":{"line":121,"column":4},"end":{"line":121,"column":69}},{"start":{},"end":{}}],"line":121},"10":{"loc":{"start":{"line":135,"column":2},"end":{"line":135,"column":70}},"type":"if","locations":[{"start":{"line":135,"column":2},"end":{"line":135,"column":70}},{"start":{},"end":{}}],"line":135},"11":{"loc":{"start":{"line":150,"column":2},"end":{"line":150,"column":70}},"type":"if","locations":[{"start":{"line":150,"column":2},"end":{"line":150,"column":70}},{"start":{},"end":{}}],"line":150},"12":{"loc":{"start":{"line":154,"column":13},"end":{"line":154,"column":31}},"type":"binary-expr","locations":[{"start":{"line":154,"column":13},"end":{"line":154,"column":25}},{"start":{"line":154,"column":29},"end":{"line":154,"column":31}}],"line":154},"13":{"loc":{"start":{"line":178,"column":2},"end":{"line":178,"column":74}},"type":"if","locations":[{"start":{"line":178,"column":2},"end":{"line":178,"column":74}},{"start":{},"end":{}}],"line":178},"14":{"loc":{"start":{"line":199,"column":18},"end":{"line":199,"column":80}},"type":"binary-expr","locations":[{"start":{"line":199,"column":18},"end":{"line":199,"column":62}},{"start":{"line":199,"column":66},"end":{"line":199,"column":80}}],"line":199},"15":{"loc":{"start":{"line":203,"column":18},"end":{"line":203,"column":55}},"type":"binary-expr","locations":[{"start":{"line":203,"column":18},"end":{"line":203,"column":38}},{"start":{"line":203,"column":42},"end":{"line":203,"column":55}}],"line":203},"16":{"loc":{"start":{"line":217,"column":0},"end":{"line":222,"column":1}},"type":"if","locations":[{"start":{"line":217,"column":0},"end":{"line":222,"column":1}},{"start":{},"end":{}}],"line":217},"17":{"loc":{"start":{"line":218,"column":15},"end":{"line":218,"column":39}},"type":"binary-expr","locations":[{"start":{"line":218,"column":15},"end":{"line":218,"column":31}},{"start":{"line":218,"column":35},"end":{"line":218,"column":39}}],"line":218}},"s":{"0":1,"1":1,"2":1,"3":1,"4":1,"5":1,"6":1,"7":1,"8":1,"9":1,"10":1,"11":1,"12":1,"13":1,"14":1,"15":1,"16":1,"17":1,"18":1,"19":1,"20":7,"21":0,"22":7,"23":1,"24":1,"25":0,"26":0,"27":0,"28":1,"29":1,"30":0,"31":1,"32":1,"33":1,"34":1,"35":1,"36":0,"37":1,"38":1,"39":1,"40":1,"41":0,"42":1,"43":3,"44":3,"45":3,"46":3,"47":0,"48":3,"49":3,"50":0,"51":1,"52":0,"53":0,"54":0,"55":0,"56":0,"57":1,"58":1,"59":1,"60":0,"61":1,"62":0,"63":0,"64":0,"65":0,"66":0,"67":0,"68":0,"69":0,"70":0,"71":0,"72":0,"73":1,"74":0,"75":0,"76":0,"77":0,"78":0,"79":0,"80":0,"81":0,"82":1,"83":0,"84":0,"85":0,"86":0,"87":0,"88":0,"89":0,"90":1,"91":0,"92":0,"93":0,"94":0,"95":0,"96":0,"97":1,"98":1,"99":1,"100":0,"101":1,"102":1,"103":1,"104":1,"105":0,"106":0,"107":1,"108":1,"109":1,"110":1,"111":0,"112":0,"113":0},"f":{"0":1,"1":7,"2":0,"3":0,"4":1,"5":1,"6":3,"7":0,"8":0,"9":1,"10":0,"11":0,"12":0,"13":0,"14":1,"15":1,"16":0},"b":{"0":[0,7],"1":[0,1],"2":[1,0],"3":[0,1],"4":[0,3],"5":[3,3],"6":[0,0],"7":[1,0],"8":[0,0],"9":[0,0],"10":[0,0],"11":[0,0],"12":[0,0],"13":[0,1],"14":[1,0],"15":[0,0],"16":[0,1],"17":[0,0]},"_coverageSchema":"1a1c01bbd47fc00a2c39e90264f33305004495a9","hash":"7750eb171b2a1b2e04ff1db5689a97002d762982"}
}
