TN:
SF:User.js
FNF:0
FNH:0
DA:1,1
DA:3,1
DA:8,1
DA:16,1
LF:4
LH:4
BRF:0
BRH:0
end_of_record
TN:
SF:server.js
FN:23,(anonymous_0)
FN:28,(anonymous_1)
FN:54,(anonymous_2)
FN:55,(anonymous_3)
FN:59,isAuthenticated
FN:65,(anonymous_5)
FN:81,(anonymous_6)
FN:97,(anonymous_7)
FN:98,(anonymous_8)
FN:106,(anonymous_9)
FN:115,(anonymous_10)
FN:132,(anonymous_11)
FN:148,(anonymous_12)
FN:161,(anonymous_13)
FN:176,(anonymous_14)
FN:209,(anonymous_15)
FN:219,(anonymous_16)
FNF:17
FNH:8
FNDA:1,(anonymous_0)
FNDA:7,(anonymous_1)
FNDA:0,(anonymous_2)
FNDA:0,(anonymous_3)
FNDA:1,isAuthenticated
FNDA:1,(anonymous_5)
FNDA:3,(anonymous_6)
FNDA:0,(anonymous_7)
FNDA:0,(anonymous_8)
FNDA:1,(anonymous_9)
FNDA:0,(anonymous_10)
FNDA:0,(anonymous_11)
FNDA:0,(anonymous_12)
FNDA:0,(anonymous_13)
FNDA:1,(anonymous_14)
FNDA:1,(anonymous_15)
FNDA:0,(anonymous_16)
DA:2,1
DA:3,1
DA:4,1
DA:5,1
DA:6,1
DA:7,1
DA:8,1
DA:9,1
DA:10,1
DA:11,1
DA:13,1
DA:14,1
DA:16,1
DA:17,1
DA:18,1
DA:19,1
DA:20,1
DA:23,1
DA:24,1
DA:28,1
DA:29,7
DA:30,0
DA:32,7
DA:36,1
DA:49,1
DA:50,0
DA:54,0
DA:55,0
DA:60,1
DA:61,0
DA:65,1
DA:66,1
DA:67,1
DA:68,1
DA:69,1
DA:71,1
DA:72,1
DA:73,1
DA:74,1
DA:76,0
DA:81,1
DA:82,3
DA:83,3
DA:84,3
DA:85,3
DA:86,0
DA:89,3
DA:90,3
DA:92,0
DA:97,1
DA:98,0
DA:99,0
DA:100,0
DA:101,0
DA:106,1
DA:107,1
DA:108,1
DA:110,0
DA:115,1
DA:116,0
DA:118,0
DA:119,0
DA:120,0
DA:121,0
DA:123,0
DA:124,0
DA:125,0
DA:127,0
DA:132,1
DA:133,0
DA:134,0
DA:135,0
DA:137,0
DA:138,0
DA:141,0
DA:143,0
DA:148,1
DA:149,0
DA:150,0
DA:152,0
DA:153,0
DA:154,0
DA:156,0
DA:161,1
DA:162,0
DA:163,0
DA:165,0
DA:166,0
DA:169,0
DA:171,0
DA:176,1
DA:177,1
DA:178,1
DA:180,1
DA:181,1
DA:199,1
DA:200,1
DA:203,0
DA:204,0
DA:209,1
DA:210,1
DA:214,1
DA:217,1
DA:218,0
DA:219,0
DA:220,0
LF:106
LH:60
BRDA:29,0,0,0
BRDA:29,0,1,7
BRDA:49,1,0,0
BRDA:49,1,1,1
BRDA:60,2,0,1
BRDA:60,2,1,0
BRDA:69,3,0,0
BRDA:69,3,1,1
BRDA:85,4,0,0
BRDA:85,4,1,3
BRDA:85,5,0,3
BRDA:85,5,1,3
BRDA:99,6,0,0
BRDA:99,6,1,0
BRDA:107,7,0,1
BRDA:107,7,1,0
BRDA:116,8,0,0
BRDA:116,8,1,0
BRDA:121,9,0,0
BRDA:121,9,1,0
BRDA:135,10,0,0
BRDA:135,10,1,0
BRDA:150,11,0,0
BRDA:150,11,1,0
BRDA:154,12,0,0
BRDA:154,12,1,0
BRDA:178,13,0,0
BRDA:178,13,1,1
BRDA:199,14,0,1
BRDA:199,14,1,0
BRDA:203,15,0,0
BRDA:203,15,1,0
BRDA:217,16,0,0
BRDA:217,16,1,1
BRDA:218,17,0,0
BRDA:218,17,1,0
BRF:36
BRH:11
end_of_record
